<?xml version="1.0" encoding="UTF-8"?>
<testsuite name="practical1.NumberToolsTest" tests="2" skipped="0" failures="0" errors="0" timestamp="2025-10-01T14:32:58.120Z" hostname="LAPTOP-MOU21RO3" time="0.027">
  <properties/>
  <testcase name="testParse" classname="practical1.NumberToolsTest" time="0.009"/>
  <testcase name="testComputeStatistic" classname="practical1.NumberToolsTest" time="0.017"/>
  <system-out><![CDATA[]]></system-out>
  <system-err><![CDATA[]]></system-err>
</testsuite>
